[2021-08-19 14:46:50,473] multiqc                                            [DEBUG  ]  This is MultiQC v1.11
[2021-08-19 14:46:50,473] multiqc                                            [DEBUG  ]  No MultiQC config found: /Users/ouj/github/new/work/conda/env-3a6e760f32b99aa426bd549930ce2f7a/lib/python3.9/site-packages/multiqc_config.yaml
[2021-08-19 14:46:50,473] multiqc                                            [DEBUG  ]  No MultiQC config found: /Users/ouj/.multiqc_config.yaml
[2021-08-19 14:46:50,481] multiqc                                            [DEBUG  ]  Loading config settings from: multiqc_config.yaml
[2021-08-19 14:46:50,481] multiqc                                            [DEBUG  ]  New config 'report_comment': This report has been generated by the <a href="https://github.com/nf-core/hicar" target="_blank">nf-core/hicar</a> analysis pipeline. For information about how to interpret these results, please see the <a href="https://nf-co.re/hicar" target="_blank">documentation</a>.

[2021-08-19 14:46:50,482] multiqc                                            [DEBUG  ]  New config 'report_section_order': {'software_versions': {'order': -1000}, 'nf-core-hicar-summary': {'order': -1001}}
[2021-08-19 14:46:50,482] multiqc                                            [DEBUG  ]  New config 'export_plots': True
[2021-08-19 14:46:50,482] multiqc                                            [DEBUG  ]  New config 'run_modules': ['custom_content', 'fastqc', 'cutadapt', 'samtools']
[2021-08-19 14:46:50,482] multiqc                                            [DEBUG  ]  Added to filename patterns: {'pairs_reads_stats': {'fn': 'reads_summary.csv'}, 'pairs_reads_detailed_summary': {'fn': 'pairsqc_summary_out.csv'}, 'pairs_reads_proportion': {'fn': 'dist.prop.json'}, 'pairs_peaks_genomic_dist': {'fn': 'genomicElementDistribuitonOfEachPeakList.*.png'}, 'other_side_genomic_dist': {'fn': 'genomicElementDistribuitonOfremoteInteractionPeaks.*.png'}}
[2021-08-19 14:46:50,482] multiqc                                            [DEBUG  ]  New config 'ignore_images': False
[2021-08-19 14:46:50,482] multiqc                                            [DEBUG  ]  New config 'custom_data': {'pairs_reads_stats': {'parent_id': 'pairs_qc', 'parent_name': 'PAIRS QC', 'parent_description': 'Pairs QC report', 'section_name': 'PAIRS reads stats', 'description': 'Table of mapped reads stats.', 'file_format': 'csv', 'plot_type': 'table', 'pconfig': {'id': 'pairs_reads_stats_table', 'table_title': 'PAIRS reads stats', 'namespace': 'PAIRS reads stats'}}, 'pairs_reads_detailed_summary': {'parent_id': 'pairs_qc', 'section_name': 'PAIRS reads detailed summary', 'description': 'Cis-to-trans ratio is computed as the ratio of long-range cis reads (>20kb) to trans reads plus long-range cis reads. Typically, cis-to-trans ratio higher than 40% is required. Percentage of long-range cis reads is the ratio of long-range cis reads to total number of reads. Minimum 15% is required and 40% or higher suggests a good library(doi:10.1016/j.cell.2014.11.021). Convergence is determined as standard deviation of proportions of four read orientations to be <0.002 (Very good) or <0.05 (Good) (See section Proportion of read orientation versus genomic separation in the pairsqc_report file under pairs/QC/). The slope of log10 contact probability vs distance between 10kb ~ 300kb representing TAD is also provided as well. (See section Contact probability versus genomic separation in the pairsqc_report file under pairs/QC/)', 'file_format': 'csv', 'plot_type': 'table', 'pconfig': {'id': 'pairs_reads_detailed_summary_table', 'table_title': 'PAIRS reads detailed summary', 'namespace': 'PAIRS reads detailed summary', 'format': '{:.2f}'}}, 'pairs_reads_proportion': {'parent_id': 'pairs_qc', 'section_name': 'Proportion of read orientation versus genomic separation', 'description': 'Contact proportion of reads are shown, stratified by read orientation. Good four cutter samples would show no bias in propotion >3kb(10^3.5).', 'file_format': 'json', 'plot_type': 'scatter', 'pconfig': {'id': 'pairs_reads_proportion_vs_distance', 'title': 'Reads distance vs proportions', 'xlab': 'distance (kb)', 'ylab': 'Propotion', 'ymin': 0, 'ymax': 1, 'marker_size': 3, 'marker_line_colour': '#999999'}}, 'pairs_peaks_genomic_dist': {'parent_id': 'pairs_qc', 'section_name': 'Peaks genomic element distribution', 'description': 'The genomic element distribution of the peaks. Promoter region is defined as upstream 2000 and downstream 500 from TSS. geneDownstream is defeined as downstream 2000 from TES.', 'file_format': 'png'}, 'other_side_genomic_dist': {'parent_id': 'pairs_qc', 'section_name': 'The genomeic element distribution for the peaks interacting with promoters', 'description': 'The genomic element distribution of the other sites of promoter peaks. Promoter region is defined as upstream 2000 and downstream 500 from TSS. geneDownstream is defeined as downstream 2000 from TES.', 'file_format': 'png'}}
[2021-08-19 14:46:50,482] multiqc                                            [DEBUG  ]  Command used: /Users/ouj/github/new/work/conda/env-3a6e760f32b99aa426bd549930ce2f7a/bin/multiqc -f .
[2021-08-19 14:46:51,746] multiqc                                            [DEBUG  ]  Latest MultiQC version is v1.11
[2021-08-19 14:46:51,746] multiqc                                            [DEBUG  ]  Command     : /Users/ouj/github/new/work/conda/env-3a6e760f32b99aa426bd549930ce2f7a/bin/multiqc -f .
[2021-08-19 14:46:51,747] multiqc                                            [DEBUG  ]  Working dir : /Users/ouj/github/new/work/d0/9a2ded77debbc3e00cab084371f948
[2021-08-19 14:46:51,747] multiqc                                            [DEBUG  ]  Template    : default
[2021-08-19 14:46:51,747] multiqc                                            [DEBUG  ]  Running Python 3.9.6 | packaged by conda-forge | (default, Jul 11 2021, 03:36:15)  [Clang 11.1.0 ]
[2021-08-19 14:46:51,748] multiqc                                            [INFO   ]  Only using modules: custom_content, fastqc, cutadapt, samtools
[2021-08-19 14:46:51,748] multiqc                                            [DEBUG  ]  Analysing modules: custom_content, samtools, cutadapt, fastqc
[2021-08-19 14:46:51,748] multiqc                                            [DEBUG  ]  Using temporary directory for creating report: /var/folders/tz/xmhml8w1791c398plv8ztw0c0000gn/T/tmp_jfcab_6
[2021-08-19 14:46:51,831] multiqc                                            [INFO   ]  Search path : /Users/ouj/github/new/work/d0/9a2ded77debbc3e00cab084371f948
[2021-08-19 14:46:51,831] multiqc                                            [DEBUG  ]  Ignored 265 search patterns as didn't match running modules.
[2021-08-19 14:46:52,285] multiqc.plots.bargraph                             [DEBUG  ]  Using matplotlib version 3.4.3
[2021-08-19 14:46:52,285] multiqc.plots.linegraph                            [DEBUG  ]  Using matplotlib version 3.4.3
[2021-08-19 14:46:52,305] multiqc.modules.custom_content.custom_content      [INFO   ]  pairs_reads_stats: Found 4 samples (table)
[2021-08-19 14:46:52,310] multiqc.modules.custom_content.custom_content      [INFO   ]  pairs_reads_detailed_summary: Found 4 samples (table)
[2021-08-19 14:46:52,311] multiqc.modules.custom_content.custom_content      [INFO   ]  pairs_reads_proportion: Found 16 samples (scatter)
[2021-08-19 14:46:52,311] multiqc.modules.custom_content.custom_content      [INFO   ]  pairs_peaks_genomic_dist: Found 1 sample (image)
[2021-08-19 14:46:52,311] multiqc.modules.custom_content.custom_content      [INFO   ]  other_side_genomic_dist: Found 1 sample (image)
[2021-08-19 14:46:52,311] multiqc.modules.custom_content.custom_content      [INFO   ]  nf-core-hicar-summary: Found 1 sample (html)
[2021-08-19 14:46:52,311] multiqc.modules.custom_content.custom_content      [INFO   ]  software_versions: Found 1 sample (html)
[2021-08-19 14:46:52,861] multiqc.modules.samtools.samtools                  [INFO   ]  Found 4 stats reports
[2021-08-19 14:46:52,865] multiqc.modules.samtools.samtools                  [INFO   ]  Found 4 flagstat reports
[2021-08-19 14:46:53,624] multiqc.modules.samtools.samtools                  [INFO   ]  Found 4 idxstats reports
[2021-08-19 14:46:53,633] multiqc.modules.cutadapt.cutadapt                  [DEBUG  ]  Duplicate sample name found! Overwriting: WT_rep2_R2
[2021-08-19 14:46:53,634] multiqc.modules.cutadapt.cutadapt                  [DEBUG  ]  Duplicate sample name found! Overwriting: KD_rep1_R2
[2021-08-19 14:46:53,637] multiqc.modules.cutadapt.cutadapt                  [DEBUG  ]  Duplicate sample name found! Overwriting: KD_rep2_R2
[2021-08-19 14:46:53,638] multiqc.modules.cutadapt.cutadapt                  [DEBUG  ]  Duplicate sample name found! Overwriting: WT_rep1_R2
[2021-08-19 14:46:53,639] multiqc.modules.cutadapt.cutadapt                  [INFO   ]  Found 4 reports
[2021-08-19 14:46:54,975] multiqc.modules.fastqc.fastqc                      [INFO   ]  Found 16 reports
[2021-08-19 14:46:58,913] multiqc                                            [DEBUG  ]  Reordering sections: anchor 'software_versions' not found for module 'PAIRS QC'.
[2021-08-19 14:46:58,914] multiqc                                            [DEBUG  ]  Reordering sections: anchor 'nf-core-hicar-summary' not found for module 'PAIRS QC'.
[2021-08-19 14:46:58,914] multiqc                                            [DEBUG  ]  Reordering sections: anchor 'software_versions' not found for module 'Samtools'.
[2021-08-19 14:46:58,914] multiqc                                            [DEBUG  ]  Reordering sections: anchor 'nf-core-hicar-summary' not found for module 'Samtools'.
[2021-08-19 14:46:58,914] multiqc                                            [DEBUG  ]  Reordering sections: anchor 'software_versions' not found for module 'Cutadapt'.
[2021-08-19 14:46:58,914] multiqc                                            [DEBUG  ]  Reordering sections: anchor 'nf-core-hicar-summary' not found for module 'Cutadapt'.
[2021-08-19 14:46:58,914] multiqc                                            [DEBUG  ]  Reordering sections: anchor 'software_versions' not found for module 'FastQC'.
[2021-08-19 14:46:58,914] multiqc                                            [DEBUG  ]  Reordering sections: anchor 'nf-core-hicar-summary' not found for module 'FastQC'.
[2021-08-19 14:46:58,914] multiqc                                            [DEBUG  ]  Reordering sections: anchor 'software_versions' not found for module 'nf-core/hicar Software Versions'.
[2021-08-19 14:46:58,914] multiqc                                            [DEBUG  ]  Reordering sections: anchor 'nf-core-hicar-summary' not found for module 'nf-core/hicar Software Versions'.
[2021-08-19 14:46:58,914] multiqc                                            [DEBUG  ]  Reordering sections: anchor 'software_versions' not found for module 'nf-core/hicar Workflow Summary'.
[2021-08-19 14:46:58,914] multiqc                                            [DEBUG  ]  Reordering sections: anchor 'nf-core-hicar-summary' not found for module 'nf-core/hicar Workflow Summary'.
[2021-08-19 14:46:58,930] multiqc                                            [INFO   ]  Compressing plot data
[2021-08-19 14:46:59,166] multiqc                                            [INFO   ]  Report      : multiqc_report.html
[2021-08-19 14:46:59,166] multiqc                                            [INFO   ]  Data        : multiqc_data
[2021-08-19 14:46:59,166] multiqc                                            [DEBUG  ]  Moving data file from '/var/folders/tz/xmhml8w1791c398plv8ztw0c0000gn/T/tmp_jfcab_6/multiqc_data' to '/Users/ouj/github/new/work/d0/9a2ded77debbc3e00cab084371f948/multiqc_data'
[2021-08-19 14:46:59,179] multiqc                                            [INFO   ]  Plots       : multiqc_plots
[2021-08-19 14:46:59,179] multiqc                                            [DEBUG  ]  Moving plots directory from '/var/folders/tz/xmhml8w1791c398plv8ztw0c0000gn/T/tmp_jfcab_6/multiqc_plots' to '/Users/ouj/github/new/work/d0/9a2ded77debbc3e00cab084371f948/multiqc_plots'
[2021-08-19 14:46:59,277] multiqc                                            [INFO   ]  MultiQC complete
